<?xml version='1.0' encoding='UTF-8'?>
<testsuite hostname="mostafa-PC" name="calculator.CalculatorSuite" tests="3" errors="0" failures="0" time="0.041">
                     <properties>
[...]
</properties>
                     <testcase classname="calculator.CalculatorSuite" name="tweetRemainingCharsCount with a constant signal" time="0.035">
                                                 
                                               </testcase><testcase classname="calculator.CalculatorSuite" name="tweetRemainingCharsCount with a supplementary char" time="0.001">
                                                 
                                               </testcase><testcase classname="calculator.CalculatorSuite" name="colorForRemainingCharsCount with a constant signal" time="0.005">
                                                 
                                               </testcase>
                     <system-out></system-out>
                     <system-err></system-err>
                   </testsuite>